
Tue Jul 15 05:31:46 UTC 2025
Wed Jul 16 05:33:08 UTC 2025
Thu Jul 17 05:31:45 UTC 2025
Fri Jul 18 05:32:59 UTC 2025
Sat Jul 19 05:28:35 UTC 2025
Sun Jul 20 05:32:31 UTC 2025
Mon Jul 21 05:34:41 UTC 2025
Tue Jul 22 05:32:07 UTC 2025
Wed Jul 23 05:35:22 UTC 2025
Thu Jul 24 05:32:48 UTC 2025
Fri Jul 25 05:34:11 UTC 2025
Sat Jul 26 05:29:31 UTC 2025
Sun Jul 27 05:33:03 UTC 2025
Mon Jul 28 05:35:48 UTC 2025
Tue Jul 29 05:36:00 UTC 2025
Wed Jul 30 05:36:29 UTC 2025
Thu Jul 31 05:34:58 UTC 2025
Fri Aug  1 05:37:01 UTC 2025
Sat Aug  2 05:30:30 UTC 2025
Sun Aug  3 05:33:47 UTC 2025
Mon Aug  4 05:41:57 UTC 2025
Tue Aug  5 05:36:46 UTC 2025
Wed Aug  6 05:37:35 UTC 2025
Thu Aug  7 05:35:50 UTC 2025
Fri Aug  8 05:35:56 UTC 2025
Sat Aug  9 05:27:00 UTC 2025
Sun Aug 10 05:30:10 UTC 2025
Mon Aug 11 05:35:05 UTC 2025
Tue Aug 12 05:27:01 UTC 2025
Wed Aug 13 05:28:06 UTC 2025
Thu Aug 14 05:28:11 UTC 2025
Fri Aug 15 05:28:03 UTC 2025
Sat Aug 16 05:26:06 UTC 2025
Sun Aug 17 05:26:58 UTC 2025
Mon Aug 18 05:31:08 UTC 2025
Tue Aug 19 05:26:23 UTC 2025
Wed Aug 20 05:26:25 UTC 2025
Thu Aug 21 05:26:23 UTC 2025
Fri Aug 22 05:26:08 UTC 2025
Sat Aug 23 05:23:54 UTC 2025
Sun Aug 24 05:25:30 UTC 2025
Mon Aug 25 05:27:45 UTC 2025
Tue Aug 26 05:26:31 UTC 2025
Wed Aug 27 05:24:48 UTC 2025
Thu Aug 28 05:25:10 UTC 2025
Fri Aug 29 05:24:38 UTC 2025
Sat Aug 30 05:22:55 UTC 2025
Sun Aug 31 05:23:24 UTC 2025
Mon Sep  1 05:26:52 UTC 2025
Tue Sep  2 05:25:54 UTC 2025
Wed Sep  3 05:23:17 UTC 2025
Thu Sep  4 05:23:16 UTC 2025
Fri Sep  5 05:24:24 UTC 2025
Sat Sep  6 05:22:18 UTC 2025
Sun Sep  7 05:22:47 UTC 2025
Mon Sep  8 05:25:03 UTC 2025
Tue Sep  9 05:24:45 UTC 2025
Wed Sep 10 05:23:38 UTC 2025
Thu Sep 11 05:24:19 UTC 2025
Fri Sep 12 05:23:33 UTC 2025
Sat Sep 13 05:21:56 UTC 2025
Sun Sep 14 05:22:34 UTC 2025
Mon Sep 15 05:25:32 UTC 2025
Tue Sep 16 05:23:51 UTC 2025
Wed Sep 17 05:24:06 UTC 2025
Thu Sep 18 05:23:36 UTC 2025
Fri Sep 19 05:23:43 UTC 2025
Sat Sep 20 05:23:13 UTC 2025
Sun Sep 21 05:23:46 UTC 2025
Mon Sep 22 05:25:13 UTC 2025
Tue Sep 23 05:24:56 UTC 2025
Wed Sep 24 05:23:57 UTC 2025
Thu Sep 25 05:25:12 UTC 2025
Fri Sep 26 05:24:57 UTC 2025
Sat Sep 27 05:22:58 UTC 2025
Sun Sep 28 05:23:31 UTC 2025
Mon Sep 29 05:25:48 UTC 2025
